#
# There is insufficient memory for the Java Runtime Environment to continue.
# Native memory allocation (malloc) failed to allocate 1048576 bytes for AllocateHeap
# Possible reasons:
#   The system is out of physical RAM or swap space
#   In 32 bit mode, the process size limit was hit
# Possible solutions:
#   Reduce memory load on the system
#   Increase physical memory or swap space
#   Check if swap backing store is full
#   Use 64 bit Java on a 64 bit OS
#   Decrease Java heap size (-Xmx/-Xms)
#   Decrease number of Java threads
#   Decrease Java thread stack sizes (-Xss)
#   Set larger code cache with -XX:ReservedCodeCacheSize=
# This output file may be truncated or incomplete.
#
#  Out of Memory Error (memory/allocation.inline.hpp:62), pid=1780, tid=9660
#
# JRE version:  (8.0_31-b13) (build )
# Java VM: Java HotSpot(TM) 64-Bit Server VM (25.31-b07 mixed mode windows-amd64 compressed oops)
# Failed to write core dump. Minidumps are not enabled by default on client versions of Windows
#

---------------  T H R E A D  ---------------

Current thread (0x0000000002621800):  JavaThread "Unknown thread" [_thread_in_vm, id=9660, stack(0x0000000002460000,0x0000000002560000)]

Stack: [0x0000000002460000,0x0000000002560000]
Native frames: (J=compiled Java code, j=interpreted, Vv=VM code, C=native code)
V  [jvm.dll+0x3169ba]
V  [jvm.dll+0x2674c3]
V  [jvm.dll+0x268103]
V  [jvm.dll+0x25f8f5]
V  [jvm.dll+0x3aa76f]
V  [jvm.dll+0x3d6852]
V  [jvm.dll+0x3d6bda]
V  [jvm.dll+0x3d2017]
V  [jvm.dll+0xe54d2]
V  [jvm.dll+0x1fa089]
V  [jvm.dll+0x22b694]
V  [jvm.dll+0x14d8c1]
C  [java.exe+0x20b6]
C  [java.exe+0xc9bb]
C  [java.exe+0xca4f]
C  [KERNEL32.DLL+0x18102]
C  [ntdll.dll+0x5c2e4]


---------------  P R O C E S S  ---------------

Java Threads: ( => current thread )

Other Threads:

=>0x0000000002621800 (exited) JavaThread "Unknown thread" [_thread_in_vm, id=9660, stack(0x0000000002460000,0x0000000002560000)]

VM state:not at safepoint (normal execution)

VM Mutex/Monitor currently owned by a thread: None

Heap:
 PSYoungGen      total 18944K, used 327K [0x00000000eb180000, 0x00000000ec680000, 0x0000000100000000)
  eden space 16384K, 2% used [0x00000000eb180000,0x00000000eb1d1ec8,0x00000000ec180000)
  from space 2560K, 0% used [0x00000000ec400000,0x00000000ec400000,0x00000000ec680000)
  to   space 2560K, 0% used [0x00000000ec180000,0x00000000ec180000,0x00000000ec400000)
 ParOldGen       total 44032K, used 0K [0x00000000c1400000, 0x00000000c3f00000, 0x00000000eb180000)
  object space 44032K, 0% used [0x00000000c1400000,0x00000000c1400000,0x00000000c3f00000)
 Metaspace       used 677K, capacity 4480K, committed 4480K, reserved 1056768K
  class space    used 67K, capacity 384K, committed 384K, reserved 1048576K

Card table byte_map: [0x0000000011ae0000,0x0000000011ce0000] byte_map_base: 0x00000000114d6000

Marking Bits: (ParMarkBitMap*) 0x000000006db1d4f0
 Begin Bits: [0x0000000012230000, 0x00000000131e0000)
 End Bits:   [0x00000000131e0000, 0x0000000014190000)

Polling page: 0x0000000000910000

CodeCache: size=245760Kb used=327Kb max_used=327Kb free=245432Kb
 bounds [0x0000000002720000, 0x0000000002990000, 0x0000000011720000]
 total_blobs=56 nmethods=0 adapters=37
 compilation: enabled

Compilation events (0 events):
No events

GC Heap History (0 events):
No events

Deoptimization events (0 events):
No events

Internal exceptions (0 events):
No events

Events (10 events):
Event: 0.025 loading class java/lang/Short
Event: 0.025 loading class java/lang/Short done
Event: 0.025 loading class java/lang/Integer
Event: 0.025 loading class java/lang/Integer done
Event: 0.025 loading class java/lang/Long
Event: 0.025 loading class java/lang/Long done
Event: 0.026 loading class java/lang/NullPointerException
Event: 0.026 loading class java/lang/NullPointerException done
Event: 0.026 loading class java/lang/ArithmeticException
Event: 0.026 loading class java/lang/ArithmeticException done


Dynamic libraries:
0x00007ff7cb9e0000 - 0x00007ff7cba14000 	C:\Program Files\Java\jdk1.8.0_31\jre\bin\java.exe
0x00007ffe96190000 - 0x00007ffe96351000 	C:\windows\SYSTEM32\ntdll.dll
0x00007ffe94820000 - 0x00007ffe948cd000 	C:\windows\system32\KERNEL32.DLL
0x00007ffe92c60000 - 0x00007ffe92e48000 	C:\windows\system32\KERNELBASE.dll
0x00007ffe93c20000 - 0x00007ffe93cc7000 	C:\windows\system32\ADVAPI32.dll
0x00007ffe94780000 - 0x00007ffe9481d000 	C:\windows\system32\msvcrt.dll
0x00007ffe93960000 - 0x00007ffe939bb000 	C:\windows\system32\sechost.dll
0x00007ffe93ed0000 - 0x00007ffe93fec000 	C:\windows\system32\RPCRT4.dll
0x00007ffe93ac0000 - 0x00007ffe93c16000 	C:\windows\system32\USER32.dll
0x00007ffe93cd0000 - 0x00007ffe93e56000 	C:\windows\system32\GDI32.dll
0x00007ffe8eb00000 - 0x00007ffe8ed74000 	C:\windows\WinSxS\amd64_microsoft.windows.common-controls_6595b64144ccf1df_6.0.10586.0_none_8c15ae12515e1c22\COMCTL32.dll
0x00007ffe949b0000 - 0x00007ffe94c2d000 	C:\windows\system32\combase.dll
0x00007ffe92b30000 - 0x00007ffe92b9a000 	C:\windows\system32\bcryptPrimitives.dll
0x00007ffe93a80000 - 0x00007ffe93abb000 	C:\windows\system32\IMM32.DLL
0x000000006f1a0000 - 0x000000006f272000 	C:\Program Files\Java\jdk1.8.0_31\jre\bin\msvcr100.dll
0x000000006d340000 - 0x000000006db9a000 	C:\Program Files\Java\jdk1.8.0_31\jre\bin\server\jvm.dll
0x00007ffe93a70000 - 0x00007ffe93a78000 	C:\windows\system32\PSAPI.DLL
0x00007ffe84570000 - 0x00007ffe84579000 	C:\windows\SYSTEM32\WSOCK32.dll
0x00007ffe90f30000 - 0x00007ffe90f53000 	C:\windows\SYSTEM32\WINMM.dll
0x00007ffe93e60000 - 0x00007ffe93ecb000 	C:\windows\system32\WS2_32.dll
0x0000000002430000 - 0x000000000245c000 	C:\windows\SYSTEM32\WINMMBASE.dll
0x00007ffe92840000 - 0x00007ffe92883000 	C:\windows\system32\cfgmgr32.dll
0x000000006f150000 - 0x000000006f15f000 	C:\Program Files\Java\jdk1.8.0_31\jre\bin\verify.dll
0x000000006f120000 - 0x000000006f148000 	C:\Program Files\Java\jdk1.8.0_31\jre\bin\java.dll
0x000000006f100000 - 0x000000006f116000 	C:\Program Files\Java\jdk1.8.0_31\jre\bin\zip.dll
0x00007ffe76c10000 - 0x00007ffe76d9c000 	C:\windows\SYSTEM32\dbghelp.dll

VM Arguments:
java_command: org.netbeans.modules.web.project.ant.JspCSingle -uriroot F:\NetBeansProjects\JavaEE_bookDemo\build\web -d F:\NetBeansProjects\JavaEE_bookDemo\build\generated\src -die1 -schemas /resources/schemas/ -dtds /resources/dtds/ -sysClasspath F:\Win 10\NB 8.1\NetBeans 8.1\extide\ant\lib\ant.jar;F:\Win 10\NB 8.1\NetBeans 8.1\enterprise\modules\ext\servlet3.1-jsp2.3-api.jar;F:\Win 10\NB 8.1\NetBeans 8.1\enterprise\modules\ext\glassfish-jspparser-4.0.jar;F:\Win 10\NB 8.1\NetBeans 8.1\enterprise\modules\ext\jstl-impl.jar;F:\Win 10\NB 8.1\NetBeans 8.1\enterprise\modules\ext\jsf-2_2\javax.faces.jar -jspc.files F:\NetBeansProjects\JavaEE_bookDemo\build\web\online.jsp -compilerSourceVM 1.8 -compilerTargetVM 1.8 -javaEncoding UTF-8
java_class_path (initial): C:\Program Files\Java\jdk1.8.0_31\lib\tools.jar;F:\Win 10\NB 8.1\NetBeans 8.1\enterprise\ant\extra\jspcompile.jar;F:\Win 10\NB 8.1\NetBeans 8.1\extide\ant\lib\ant.jar;F:\Win 10\NB 8.1\NetBeans 8.1\enterprise\modules\ext\servlet3.1-jsp2.3-api.jar;F:\Win 10\NB 8.1\NetBeans 8.1\enterprise\modules\ext\glassfish-jspparser-4.0.jar;F:\Win 10\NB 8.1\NetBeans 8.1\enterprise\modules\ext\jsf-2_2\javax.faces.jar;F:\Win 10\NB 8.1\NetBeans 8.1\enterprise\modules\ext\jstl-api.jar;F:\Win 10\NB 8.1\NetBeans 8.1\extide\ant\lib\ant-launcher.jar
Launcher Type: SUN_STANDARD

Environment Variables:
JAVA_HOME=C:\Program Files\Java\jdk1.8.0_31
CLASSPATH=.;C:\Program Files\Java\jdk1.8.0_31\lib\dt.jar;C:\Program Files\Java\jdk1.8.0_31\lib\tools.jar;C:\Program Files\Apache Software Foundation\Tomcat 7.0\bin\bin;C:\Program Files\Apache Software Foundation\Tomcat 7.0\bin\lib;F:\Ant\bin
PATH=C:\ProgramData\Oracle\Java\javapath;F:\Win 10\Python;C:\Program Files\MySQL\MySQL Server 5.7\bin;C:\Program Files (x86)\NVIDIA Corporation\PhysX\Common;C:\Program Files (x86)\Microsoft SQL Server\90\Tools\binn\;C:\Program Files (x86)\Microsoft SQL Server\100\Tools\Binn\;F:\Win 10\SQL Server 2008 R2\100\Tools\Binn\;F:\Win 10\SQL Server 2008 R2\100\DTS\Binn\;C:\Program Files (x86)\Microsoft SQL Server\100\Tools\Binn\VSShell\Common7\IDE\;C:\Program Files (x86)\Microsoft Visual Studio 9.0\Common7\IDE\PrivateAssemblies\;C:\Program Files (x86)\Microsoft SQL Server\100\DTS\Binn\;C:\Program Files\Java\jdk1.8.0_31\bin;C:\Program Files (x86)\MacType;C:\Program Files\Java\jre1.8.0_31\bin;F:\Win 10\Dev-Cpp\MinGW64\bin;F:\Ant\bin;C:\Users\Administrator\AppData\Local\atom\bin
USERNAME=Administrator
OS=Windows_NT
PROCESSOR_IDENTIFIER=Intel64 Family 6 Model 60 Stepping 3, GenuineIntel



---------------  S Y S T E M  ---------------

OS: Windows 8.1 , 64 bit Build 9600 

CPU:total 4 (2 cores per cpu, 2 threads per core) family 6 model 60 stepping 3, cmov, cx8, fxsr, mmx, sse, sse2, sse3, ssse3, sse4.1, sse4.2, popcnt, avx, avx2, aes, clmul, erms, lzcnt, ht, tsc, tscinvbit, bmi1, bmi2

Memory: 4k page, physical 4108652k(555748k free), swap 6205804k(5300k free)

vm_info: Java HotSpot(TM) 64-Bit Server VM (25.31-b07) for windows-amd64 JRE (1.8.0_31-b13), built on Dec 17 2014 21:00:28 by "java_re" with MS VC++ 10.0 (VS2010)

time: Sat Jul 16 01:17:45 2016
elapsed time: 0 seconds (0d 0h 0m 0s)

